# JRE version: Java(TM) SE Runtime Environment (8.0_40-b26) (build 1.8.0_40-b26)
# Java VM: Java HotSpot(TM) 64-Bit Server VM (25.40-b25 mixed mode windows-amd64 compressed oops)
Heap:
 PSYoungGen      total 290816K, used 61019K [0x000000076ab00000, 0x0000000780600000, 0x00000007c0000000)
  eden space 253952K, 9% used [0x000000076ab00000,0x000000076c29c558,0x000000077a300000)
  from space 36864K, 99% used [0x000000077d000000,0x000000077f3fa778,0x000000077f400000)
  to   space 46080K, 0% used [0x000000077a300000,0x000000077a300000,0x000000077d000000)
 ParOldGen       total 87552K, used 63387K [0x00000006c0000000, 0x00000006c5580000, 0x000000076ab00000)
  object space 87552K, 72% used [0x00000006c0000000,0x00000006c3de6e60,0x00000006c5580000)
 Metaspace       used 6228K, capacity 7152K, committed 7296K, reserved 1056768K
  class space    used 592K, capacity 616K, committed 640K, reserved 1048576K
GC Heap History (10 events):
Event: 12.581 GC heap before
{Heap before GC invocations=4 (full 0):
 PSYoungGen      total 38400K, used 38371K [0x000000076ab00000, 0x000000076f600000, 0x00000007c0000000)
  eden space 33280K, 100% used [0x000000076ab00000,0x000000076cb80000,0x000000076cb80000)
  from space 5120K, 99% used [0x000000076cb80000,0x000000076d078e08,0x000000076d080000)
  to   space 5120K, 0% used [0x000000076f100000,0x000000076f100000,0x000000076f600000)
 ParOldGen       total 87552K, used 18103K [0x00000006c0000000, 0x00000006c5580000, 0x000000076ab00000)
  object space 87552K, 20% used [0x00000006c0000000,0x00000006c11adc38,0x00000006c5580000)
 Metaspace       used 5950K, capacity 7024K, committed 7296K, reserved 1056768K
  class space    used 586K, capacity 616K, committed 640K, reserved 1048576K
Event: 12.632 GC heap after
Heap after GC invocations=4 (full 0):
 PSYoungGen      total 71680K, used 5117K [0x000000076ab00000, 0x000000076f600000, 0x00000007c0000000)
  eden space 66560K, 0% used [0x000000076ab00000,0x000000076ab00000,0x000000076ec00000)
  from space 5120K, 99% used [0x000000076f100000,0x000000076f5ff428,0x000000076f600000)
  to   space 5120K, 0% used [0x000000076ec00000,0x000000076ec00000,0x000000076f100000)
 ParOldGen       total 87552K, used 27572K [0x00000006c0000000, 0x00000006c5580000, 0x000000076ab00000)
  object space 87552K, 31% used [0x00000006c0000000,0x00000006c1aed070,0x00000006c5580000)
 Metaspace       used 5950K, capacity 7024K, committed 7296K, reserved 1056768K
  class space    used 586K, capacity 616K, committed 640K, reserved 1048576K
}
Event: 13.444 GC heap before
{Heap before GC invocations=5 (full 0):
 PSYoungGen      total 71680K, used 71677K [0x000000076ab00000, 0x000000076f600000, 0x00000007c0000000)
  eden space 66560K, 100% used [0x000000076ab00000,0x000000076ec00000,0x000000076ec00000)
  from space 5120K, 99% used [0x000000076f100000,0x000000076f5ff428,0x000000076f600000)
  to   space 5120K, 0% used [0x000000076ec00000,0x000000076ec00000,0x000000076f100000)
 ParOldGen       total 87552K, used 27572K [0x00000006c0000000, 0x00000006c5580000, 0x000000076ab00000)
  object space 87552K, 31% used [0x00000006c0000000,0x00000006c1aed070,0x00000006c5580000)
 Metaspace       used 5994K, capacity 7024K, committed 7296K, reserved 1056768K
  class space    used 586K, capacity 616K, committed 640K, reserved 1048576K
Event: 13.519 GC heap after
Heap after GC invocations=5 (full 0):
 PSYoungGen      total 71680K, used 5117K [0x000000076ab00000, 0x0000000775f00000, 0x00000007c0000000)
  eden space 66560K, 0% used [0x000000076ab00000,0x000000076ab00000,0x000000076ec00000)
  from space 5120K, 99% used [0x000000076ec00000,0x000000076f0ff558,0x000000076f100000)
  to   space 25600K, 0% used [0x0000000774600000,0x0000000774600000,0x0000000775f00000)
 ParOldGen       total 87552K, used 45288K [0x00000006c0000000, 0x00000006c5580000, 0x000000076ab00000)
  object space 87552K, 51% used [0x00000006c0000000,0x00000006c2c3a0b8,0x00000006c5580000)
 Metaspace       used 5994K, capacity 7024K, committed 7296K, reserved 1056768K
  class space    used 586K, capacity 616K, committed 640K, reserved 1048576K
}
Event: 16.009 GC heap before
{Heap before GC invocations=6 (full 0):
 PSYoungGen      total 71680K, used 71677K [0x000000076ab00000, 0x0000000775f00000, 0x00000007c0000000)
  eden space 66560K, 100% used [0x000000076ab00000,0x000000076ec00000,0x000000076ec00000)
  from space 5120K, 99% used [0x000000076ec00000,0x000000076f0ff558,0x000000076f100000)
  to   space 25600K, 0% used [0x0000000774600000,0x0000000774600000,0x0000000775f00000)
 ParOldGen       total 87552K, used 45288K [0x00000006c0000000, 0x00000006c5580000, 0x000000076ab00000)
  object space 87552K, 51% used [0x00000006c0000000,0x00000006c2c3a0b8,0x00000006c5580000)
 Metaspace       used 6063K, capacity 7088K, committed 7296K, reserved 1056768K
  class space    used 586K, capacity 616K, committed 640K, reserved 1048576K
Event: 16.097 GC heap after
Heap after GC invocations=6 (full 0):
 PSYoungGen      total 157184K, used 20035K [0x000000076ab00000, 0x0000000776200000, 0x00000007c0000000)
  eden space 131584K, 0% used [0x000000076ab00000,0x000000076ab00000,0x0000000772b80000)
  from space 25600K, 78% used [0x0000000774600000,0x0000000775990c40,0x0000000775f00000)
  to   space 27136K, 0% used [0x0000000772b80000,0x0000000772b80000,0x0000000774600000)
 ParOldGen       total 87552K, used 45288K [0x00000006c0000000, 0x00000006c5580000, 0x000000076ab00000)
  object space 87552K, 51% used [0x00000006c0000000,0x00000006c2c3a0b8,0x00000006c5580000)
 Metaspace       used 6063K, capacity 7088K, committed 7296K, reserved 1056768K
  class space    used 586K, capacity 616K, committed 640K, reserved 1048576K
}
Event: 19.414 GC heap before
{Heap before GC invocations=7 (full 0):
 PSYoungGen      total 157184K, used 151619K [0x000000076ab00000, 0x0000000776200000, 0x00000007c0000000)
  eden space 131584K, 100% used [0x000000076ab00000,0x0000000772b80000,0x0000000772b80000)
  from space 25600K, 78% used [0x0000000774600000,0x0000000775990c40,0x0000000775f00000)
  to   space 27136K, 0% used [0x0000000772b80000,0x0000000772b80000,0x0000000774600000)
 ParOldGen       total 87552K, used 45288K [0x00000006c0000000, 0x00000006c5580000, 0x000000076ab00000)
  object space 87552K, 51% used [0x00000006c0000000,0x00000006c2c3a0b8,0x00000006c5580000)
 Metaspace       used 6106K, capacity 7152K, committed 7296K, reserved 1056768K
  class space    used 586K, capacity 616K, committed 640K, reserved 1048576K
Event: 19.533 GC heap after
Heap after GC invocations=7 (full 0):
 PSYoungGen      total 158720K, used 27120K [0x000000076ab00000, 0x000000077f400000, 0x00000007c0000000)
  eden space 131584K, 0% used [0x000000076ab00000,0x000000076ab00000,0x0000000772b80000)
  from space 27136K, 99% used [0x0000000772b80000,0x00000007745fc320,0x0000000774600000)
  to   space 36864K, 0% used [0x000000077d000000,0x000000077d000000,0x000000077f400000)
 ParOldGen       total 87552K, used 56596K [0x00000006c0000000, 0x00000006c5580000, 0x000000076ab00000)
  object space 87552K, 64% used [0x00000006c0000000,0x00000006c37451f0,0x00000006c5580000)
 Metaspace       used 6106K, capacity 7152K, committed 7296K, reserved 1056768K
  class space    used 586K, capacity 616K, committed 640K, reserved 1048576K
}
Event: 25.542 GC heap before
{Heap before GC invocations=8 (full 0):
 PSYoungGen      total 158720K, used 158704K [0x000000076ab00000, 0x000000077f400000, 0x00000007c0000000)
  eden space 131584K, 100% used [0x000000076ab00000,0x0000000772b80000,0x0000000772b80000)
  from space 27136K, 99% used [0x0000000772b80000,0x00000007745fc320,0x0000000774600000)
  to   space 36864K, 0% used [0x000000077d000000,0x000000077d000000,0x000000077f400000)
 ParOldGen       total 87552K, used 56596K [0x00000006c0000000, 0x00000006c5580000, 0x000000076ab00000)
  object space 87552K, 64% used [0x00000006c0000000,0x00000006c37451f0,0x00000006c5580000)
 Metaspace       used 6145K, capacity 7152K, committed 7296K, reserved 1056768K
  class space    used 586K, capacity 616K, committed 640K, reserved 1048576K
Event: 26.048 GC heap after
Heap after GC invocations=8 (full 0):
 PSYoungGen      total 290816K, used 36841K [0x000000076ab00000, 0x0000000780600000, 0x00000007c0000000)
  eden space 253952K, 0% used [0x000000076ab00000,0x000000076ab00000,0x000000077a300000)
  from space 36864K, 99% used [0x000000077d000000,0x000000077f3fa778,0x000000077f400000)
  to   space 46080K, 0% used [0x000000077a300000,0x000000077a300000,0x000000077d000000)
 ParOldGen       total 87552K, used 63387K [0x00000006c0000000, 0x00000006c5580000, 0x000000076ab00000)
  object space 87552K, 72% used [0x00000006c0000000,0x00000006c3de6e60,0x00000006c5580000)
 Metaspace       used 6145K, capacity 7152K, committed 7296K, reserved 1056768K
  class space    used 586K, capacity 616K, committed 640K, reserved 1048576K
}

