# JRE version: Java(TM) SE Runtime Environment (8.0_40-b26) (build 1.8.0_40-b26)
# Java VM: Java HotSpot(TM) 64-Bit Server VM (25.40-b25 mixed mode windows-amd64 compressed oops)
Heap:
 PSYoungGen      total 219648K, used 120435K [0x00000000eab00000, 0x0000000100000000, 0x0000000100000000)
  eden space 157696K, 37% used [0x00000000eab00000,0x00000000ee4224c0,0x00000000f4500000)
  from space 61952K, 99% used [0x00000000f4500000,0x00000000f817a740,0x00000000f8180000)
  to   space 98816K, 0% used [0x00000000f9f80000,0x00000000f9f80000,0x0000000100000000)
 ParOldGen       total 299520K, used 172349K [0x00000000c0000000, 0x00000000d2480000, 0x00000000eab00000)
  object space 299520K, 57% used [0x00000000c0000000,0x00000000ca84f630,0x00000000d2480000)
 Metaspace       used 6441K, capacity 7284K, committed 7552K, reserved 1056768K
  class space    used 610K, capacity 620K, committed 640K, reserved 1048576K
GC Heap History (10 events):
Event: 18.088 GC heap before
{Heap before GC invocations=9 (full 1):
 PSYoungGen      total 292352K, used 282025K [0x00000000eab00000, 0x0000000100000000, 0x0000000100000000)
  eden space 262144K, 100% used [0x00000000eab00000,0x00000000fab00000,0x00000000fab00000)
  from space 30208K, 65% used [0x00000000fab00000,0x00000000fbe6a548,0x00000000fc880000)
  to   space 52736K, 0% used [0x00000000fcc80000,0x00000000fcc80000,0x0000000100000000)
 ParOldGen       total 172544K, used 87231K [0x00000000c0000000, 0x00000000ca880000, 0x00000000eab00000)
  object space 172544K, 50% used [0x00000000c0000000,0x00000000c552fd18,0x00000000ca880000)
 Metaspace       used 6412K, capacity 7284K, committed 7552K, reserved 1056768K
  class space    used 609K, capacity 620K, committed 640K, reserved 1048576K
Event: 18.731 GC heap after
Heap after GC invocations=9 (full 1):
 PSYoungGen      total 260608K, used 52728K [0x00000000eab00000, 0x0000000100000000, 0x0000000100000000)
  eden space 207872K, 0% used [0x00000000eab00000,0x00000000eab00000,0x00000000f7600000)
  from space 52736K, 99% used [0x00000000fcc80000,0x00000000ffffe050,0x0000000100000000)
  to   space 70656K, 0% used [0x00000000f7600000,0x00000000f7600000,0x00000000fbb00000)
 ParOldGen       total 172544K, used 106841K [0x00000000c0000000, 0x00000000ca880000, 0x00000000eab00000)
  object space 172544K, 61% used [0x00000000c0000000,0x00000000c68564a8,0x00000000ca880000)
 Metaspace       used 6412K, capacity 7284K, committed 7552K, reserved 1056768K
  class space    used 609K, capacity 620K, committed 640K, reserved 1048576K
}
Event: 22.298 GC heap before
{Heap before GC invocations=10 (full 1):
 PSYoungGen      total 260608K, used 260600K [0x00000000eab00000, 0x0000000100000000, 0x0000000100000000)
  eden space 207872K, 100% used [0x00000000eab00000,0x00000000f7600000,0x00000000f7600000)
  from space 52736K, 99% used [0x00000000fcc80000,0x00000000ffffe050,0x0000000100000000)
  to   space 70656K, 0% used [0x00000000f7600000,0x00000000f7600000,0x00000000fbb00000)
 ParOldGen       total 172544K, used 106841K [0x00000000c0000000, 0x00000000ca880000, 0x00000000eab00000)
  object space 172544K, 61% used [0x00000000c0000000,0x00000000c68564a8,0x00000000ca880000)
 Metaspace       used 6417K, capacity 7284K, committed 7552K, reserved 1056768K
  class space    used 610K, capacity 620K, committed 640K, reserved 1048576K
Event: 22.971 GC heap after
Heap after GC invocations=10 (full 1):
 PSYoungGen      total 278528K, used 70624K [0x00000000eab00000, 0x0000000100000000, 0x0000000100000000)
  eden space 207872K, 0% used [0x00000000eab00000,0x00000000eab00000,0x00000000f7600000)
  from space 70656K, 99% used [0x00000000f7600000,0x00000000fbaf83a8,0x00000000fbb00000)
  to   space 70656K, 0% used [0x00000000fbb00000,0x00000000fbb00000,0x0000000100000000)
 ParOldGen       total 172544K, used 126075K [0x00000000c0000000, 0x00000000ca880000, 0x00000000eab00000)
  object space 172544K, 73% used [0x00000000c0000000,0x00000000c7b1ee18,0x00000000ca880000)
 Metaspace       used 6417K, capacity 7284K, committed 7552K, reserved 1056768K
  class space    used 610K, capacity 620K, committed 640K, reserved 1048576K
}
Event: 26.304 GC heap before
{Heap before GC invocations=11 (full 1):
 PSYoungGen      total 278528K, used 278496K [0x00000000eab00000, 0x0000000100000000, 0x0000000100000000)
  eden space 207872K, 100% used [0x00000000eab00000,0x00000000f7600000,0x00000000f7600000)
  from space 70656K, 99% used [0x00000000f7600000,0x00000000fbaf83a8,0x00000000fbb00000)
  to   space 70656K, 0% used [0x00000000fbb00000,0x00000000fbb00000,0x0000000100000000)
 ParOldGen       total 172544K, used 126075K [0x00000000c0000000, 0x00000000ca880000, 0x00000000eab00000)
  object space 172544K, 73% used [0x00000000c0000000,0x00000000c7b1ee18,0x00000000ca880000)
 Metaspace       used 6426K, capacity 7284K, committed 7552K, reserved 1056768K
  class space    used 610K, capacity 620K, committed 640K, reserved 1048576K
Event: 26.644 GC heap after
Heap after GC invocations=11 (full 1):
 PSYoungGen      total 228352K, used 63489K [0x00000000eab00000, 0x0000000100000000, 0x0000000100000000)
  eden space 157696K, 0% used [0x00000000eab00000,0x00000000eab00000,0x00000000f4500000)
  from space 70656K, 89% used [0x00000000fbb00000,0x00000000ff9004a8,0x0000000100000000)
  to   space 95744K, 0% used [0x00000000f4500000,0x00000000f4500000,0x00000000fa280000)
 ParOldGen       total 172544K, used 166093K [0x00000000c0000000, 0x00000000ca880000, 0x00000000eab00000)
  object space 172544K, 96% used [0x00000000c0000000,0x00000000ca233610,0x00000000ca880000)
 Metaspace       used 6426K, capacity 7284K, committed 7552K, reserved 1056768K
  class space    used 610K, capacity 620K, committed 640K, reserved 1048576K
}
Event: 26.644 GC heap before
{Heap before GC invocations=12 (full 2):
 PSYoungGen      total 228352K, used 63489K [0x00000000eab00000, 0x0000000100000000, 0x0000000100000000)
  eden space 157696K, 0% used [0x00000000eab00000,0x00000000eab00000,0x00000000f4500000)
  from space 70656K, 89% used [0x00000000fbb00000,0x00000000ff9004a8,0x0000000100000000)
  to   space 95744K, 0% used [0x00000000f4500000,0x00000000f4500000,0x00000000fa280000)
 ParOldGen       total 172544K, used 166093K [0x00000000c0000000, 0x00000000ca880000, 0x00000000eab00000)
  object space 172544K, 96% used [0x00000000c0000000,0x00000000ca233610,0x00000000ca880000)
 Metaspace       used 6426K, capacity 7284K, committed 7552K, reserved 1056768K
  class space    used 610K, capacity 620K, committed 640K, reserved 1048576K
Event: 29.114 GC heap after
Heap after GC invocations=12 (full 2):
 PSYoungGen      total 228352K, used 35992K [0x00000000eab00000, 0x0000000100000000, 0x0000000100000000)
  eden space 157696K, 0% used [0x00000000eab00000,0x00000000eab00000,0x00000000f4500000)
  from space 70656K, 50% used [0x00000000fbb00000,0x00000000fde261a0,0x0000000100000000)
  to   space 95744K, 0% used [0x00000000f4500000,0x00000000f4500000,0x00000000fa280000)
 ParOldGen       total 299520K, used 172341K [0x00000000c0000000, 0x00000000d2480000, 0x00000000eab00000)
  object space 299520K, 57% used [0x00000000c0000000,0x00000000ca84d630,0x00000000d2480000)
 Metaspace       used 6426K, capacity 7284K, committed 7552K, reserved 1056768K
  class space    used 610K, capacity 620K, committed 640K, reserved 1048576K
}
Event: 31.392 GC heap before
{Heap before GC invocations=13 (full 2):
 PSYoungGen      total 228352K, used 193688K [0x00000000eab00000, 0x0000000100000000, 0x0000000100000000)
  eden space 157696K, 100% used [0x00000000eab00000,0x00000000f4500000,0x00000000f4500000)
  from space 70656K, 50% used [0x00000000fbb00000,0x00000000fde261a0,0x0000000100000000)
  to   space 95744K, 0% used [0x00000000f4500000,0x00000000f4500000,0x00000000fa280000)
 ParOldGen       total 299520K, used 172341K [0x00000000c0000000, 0x00000000d2480000, 0x00000000eab00000)
  object space 299520K, 57% used [0x00000000c0000000,0x00000000ca84d630,0x00000000d2480000)
 Metaspace       used 6441K, capacity 7284K, committed 7552K, reserved 1056768K
  class space    used 610K, capacity 620K, committed 640K, reserved 1048576K
Event: 31.602 GC heap after
Heap after GC invocations=13 (full 2):
 PSYoungGen      total 219648K, used 61929K [0x00000000eab00000, 0x0000000100000000, 0x0000000100000000)
  eden space 157696K, 0% used [0x00000000eab00000,0x00000000eab00000,0x00000000f4500000)
  from space 61952K, 99% used [0x00000000f4500000,0x00000000f817a740,0x00000000f8180000)
  to   space 98816K, 0% used [0x00000000f9f80000,0x00000000f9f80000,0x0000000100000000)
 ParOldGen       total 299520K, used 172349K [0x00000000c0000000, 0x00000000d2480000, 0x00000000eab00000)
  object space 299520K, 57% used [0x00000000c0000000,0x00000000ca84f630,0x00000000d2480000)
 Metaspace       used 6441K, capacity 7284K, committed 7552K, reserved 1056768K
  class space    used 610K, capacity 620K, committed 640K, reserved 1048576K
}

