# JRE version: Java(TM) SE Runtime Environment (8.0_40-b26) (build 1.8.0_40-b26)
# Java VM: Java HotSpot(TM) 64-Bit Server VM (25.40-b25 mixed mode windows-amd64 compressed oops)
Heap:
 PSYoungGen      total 291328K, used 256639K [0x00000000eab00000, 0x0000000100000000, 0x0000000100000000)
  eden space 261632K, 98% used [0x00000000eab00000,0x00000000fa59fe98,0x00000000faa80000)
  from space 29696K, 0% used [0x00000000faa80000,0x00000000faa80000,0x00000000fc780000)
  to   space 51712K, 0% used [0x00000000fcd80000,0x00000000fcd80000,0x0000000100000000)
 ParOldGen       total 87552K, used 87265K [0x00000000c0000000, 0x00000000c5580000, 0x00000000eab00000)
  object space 87552K, 99% used [0x00000000c0000000,0x00000000c5538458,0x00000000c5580000)
 Metaspace       used 6451K, capacity 7284K, committed 7552K, reserved 1056768K
  class space    used 608K, capacity 620K, committed 640K, reserved 1048576K
GC Heap History (10 events):
Event: 4.718 GC heap before
{Heap before GC invocations=7 (full 0):
 PSYoungGen      total 286720K, used 286694K [0x00000000eab00000, 0x00000000fe900000, 0x0000000100000000)
  eden space 261632K, 100% used [0x00000000eab00000,0x00000000faa80000,0x00000000faa80000)
  from space 25088K, 99% used [0x00000000fc780000,0x00000000fdff99a0,0x00000000fe000000)
  to   space 29696K, 0% used [0x00000000faa80000,0x00000000faa80000,0x00000000fc780000)
 ParOldGen       total 87552K, used 46679K [0x00000000c0000000, 0x00000000c5580000, 0x00000000eab00000)
  object space 87552K, 53% used [0x00000000c0000000,0x00000000c2d95fa0,0x00000000c5580000)
 Metaspace       used 6395K, capacity 7284K, committed 7552K, reserved 1056768K
  class space    used 606K, capacity 620K, committed 640K, reserved 1048576K
Event: 4.868 GC heap after
Heap after GC invocations=7 (full 0):
 PSYoungGen      total 291328K, used 29685K [0x00000000eab00000, 0x0000000100000000, 0x0000000100000000)
  eden space 261632K, 0% used [0x00000000eab00000,0x00000000eab00000,0x00000000faa80000)
  from space 29696K, 99% used [0x00000000faa80000,0x00000000fc77d4d8,0x00000000fc780000)
  to   space 51712K, 0% used [0x00000000fcd80000,0x00000000fcd80000,0x0000000100000000)
 ParOldGen       total 87552K, used 80282K [0x00000000c0000000, 0x00000000c5580000, 0x00000000eab00000)
  object space 87552K, 91% used [0x00000000c0000000,0x00000000c4e66820,0x00000000c5580000)
 Metaspace       used 6395K, capacity 7284K, committed 7552K, reserved 1056768K
  class space    used 606K, capacity 620K, committed 640K, reserved 1048576K
}
Event: 4.868 GC heap before
{Heap before GC invocations=8 (full 1):
 PSYoungGen      total 291328K, used 29685K [0x00000000eab00000, 0x0000000100000000, 0x0000000100000000)
  eden space 261632K, 0% used [0x00000000eab00000,0x00000000eab00000,0x00000000faa80000)
  from space 29696K, 99% used [0x00000000faa80000,0x00000000fc77d4d8,0x00000000fc780000)
  to   space 51712K, 0% used [0x00000000fcd80000,0x00000000fcd80000,0x0000000100000000)
 ParOldGen       total 87552K, used 80282K [0x00000000c0000000, 0x00000000c5580000, 0x00000000eab00000)
  object space 87552K, 91% used [0x00000000c0000000,0x00000000c4e66820,0x00000000c5580000)
 Metaspace       used 6395K, capacity 7284K, committed 7552K, reserved 1056768K
  class space    used 606K, capacity 620K, committed 640K, reserved 1048576K
Event: 6.009 GC heap after
Heap after GC invocations=8 (full 1):
 PSYoungGen      total 291328K, used 16328K [0x00000000eab00000, 0x0000000100000000, 0x0000000100000000)
  eden space 261632K, 0% used [0x00000000eab00000,0x00000000eab00000,0x00000000faa80000)
  from space 29696K, 54% used [0x00000000faa80000,0x00000000fba72220,0x00000000fc780000)
  to   space 51712K, 0% used [0x00000000fcd80000,0x00000000fcd80000,0x0000000100000000)
 ParOldGen       total 87552K, used 87452K [0x00000000c0000000, 0x00000000c5580000, 0x00000000eab00000)
  object space 87552K, 99% used [0x00000000c0000000,0x00000000c55671b0,0x00000000c5580000)
 Metaspace       used 6395K, capacity 7284K, committed 7552K, reserved 1056768K
  class space    used 606K, capacity 620K, committed 640K, reserved 1048576K
}
Event: 7.448 GC heap before
{Heap before GC invocations=9 (full 2):
 PSYoungGen      total 291328K, used 277960K [0x00000000eab00000, 0x0000000100000000, 0x0000000100000000)
  eden space 261632K, 100% used [0x00000000eab00000,0x00000000faa80000,0x00000000faa80000)
  from space 29696K, 54% used [0x00000000faa80000,0x00000000fba72220,0x00000000fc780000)
  to   space 51712K, 0% used [0x00000000fcd80000,0x00000000fcd80000,0x0000000100000000)
 ParOldGen       total 87552K, used 87452K [0x00000000c0000000, 0x00000000c5580000, 0x00000000eab00000)
  object space 87552K, 99% used [0x00000000c0000000,0x00000000c55671b0,0x00000000c5580000)
 Metaspace       used 6418K, capacity 7284K, committed 7552K, reserved 1056768K
  class space    used 608K, capacity 620K, committed 640K, reserved 1048576K
Event: 8.580 GC heap after
Heap after GC invocations=9 (full 2):
 PSYoungGen      total 291328K, used 64720K [0x00000000eab00000, 0x0000000100000000, 0x0000000100000000)
  eden space 261632K, 24% used [0x00000000eab00000,0x00000000eea34078,0x00000000faa80000)
  from space 29696K, 0% used [0x00000000faa80000,0x00000000faa80000,0x00000000fc780000)
  to   space 51712K, 0% used [0x00000000fcd80000,0x00000000fcd80000,0x0000000100000000)
 ParOldGen       total 87552K, used 87511K [0x00000000c0000000, 0x00000000c5580000, 0x00000000eab00000)
  object space 87552K, 99% used [0x00000000c0000000,0x00000000c5575fe0,0x00000000c5580000)
 Metaspace       used 6418K, capacity 7284K, committed 7552K, reserved 1056768K
  class space    used 608K, capacity 620K, committed 640K, reserved 1048576K
}
Event: 9.587 GC heap before
{Heap before GC invocations=10 (full 3):
 PSYoungGen      total 291328K, used 261632K [0x00000000eab00000, 0x0000000100000000, 0x0000000100000000)
  eden space 261632K, 100% used [0x00000000eab00000,0x00000000faa80000,0x00000000faa80000)
  from space 29696K, 0% used [0x00000000faa80000,0x00000000faa80000,0x00000000fc780000)
  to   space 51712K, 0% used [0x00000000fcd80000,0x00000000fcd80000,0x0000000100000000)
 ParOldGen       total 87552K, used 87511K [0x00000000c0000000, 0x00000000c5580000, 0x00000000eab00000)
  object space 87552K, 99% used [0x00000000c0000000,0x00000000c5575fe0,0x00000000c5580000)
 Metaspace       used 6425K, capacity 7284K, committed 7552K, reserved 1056768K
  class space    used 608K, capacity 620K, committed 640K, reserved 1048576K
Event: 11.246 GC heap after
Heap after GC invocations=10 (full 3):
 PSYoungGen      total 291328K, used 83676K [0x00000000eab00000, 0x0000000100000000, 0x0000000100000000)
  eden space 261632K, 31% used [0x00000000eab00000,0x00000000efcb7090,0x00000000faa80000)
  from space 29696K, 0% used [0x00000000faa80000,0x00000000faa80000,0x00000000fc780000)
  to   space 51712K, 0% used [0x00000000fcd80000,0x00000000fcd80000,0x0000000100000000)
 ParOldGen       total 87552K, used 87266K [0x00000000c0000000, 0x00000000c5580000, 0x00000000eab00000)
  object space 87552K, 99% used [0x00000000c0000000,0x00000000c55388e8,0x00000000c5580000)
 Metaspace       used 6425K, capacity 7284K, committed 7552K, reserved 1056768K
  class space    used 608K, capacity 620K, committed 640K, reserved 1048576K
}
Event: 12.050 GC heap before
{Heap before GC invocations=11 (full 4):
 PSYoungGen      total 291328K, used 261632K [0x00000000eab00000, 0x0000000100000000, 0x0000000100000000)
  eden space 261632K, 100% used [0x00000000eab00000,0x00000000faa80000,0x00000000faa80000)
  from space 29696K, 0% used [0x00000000faa80000,0x00000000faa80000,0x00000000fc780000)
  to   space 51712K, 0% used [0x00000000fcd80000,0x00000000fcd80000,0x0000000100000000)
 ParOldGen       total 87552K, used 87266K [0x00000000c0000000, 0x00000000c5580000, 0x00000000eab00000)
  object space 87552K, 99% used [0x00000000c0000000,0x00000000c55388e8,0x00000000c5580000)
 Metaspace       used 6445K, capacity 7284K, committed 7552K, reserved 1056768K
  class space    used 608K, capacity 620K, committed 640K, reserved 1048576K
Event: 13.206 GC heap after
Heap after GC invocations=11 (full 4):
 PSYoungGen      total 291328K, used 108172K [0x00000000eab00000, 0x0000000100000000, 0x0000000100000000)
  eden space 261632K, 41% used [0x00000000eab00000,0x00000000f14a3358,0x00000000faa80000)
  from space 29696K, 0% used [0x00000000faa80000,0x00000000faa80000,0x00000000fc780000)
  to   space 51712K, 0% used [0x00000000fcd80000,0x00000000fcd80000,0x0000000100000000)
 ParOldGen       total 87552K, used 87265K [0x00000000c0000000, 0x00000000c5580000, 0x00000000eab00000)
  object space 87552K, 99% used [0x00000000c0000000,0x00000000c5538458,0x00000000c5580000)
 Metaspace       used 6445K, capacity 7284K, committed 7552K, reserved 1056768K
  class space    used 608K, capacity 620K, committed 640K, reserved 1048576K
}

