# JRE version: Java(TM) SE Runtime Environment (8.0_40-b26) (build 1.8.0_40-b26)
# Java VM: Java HotSpot(TM) 64-Bit Server VM (25.40-b25 mixed mode windows-amd64 compressed oops)
Heap:
 PSYoungGen      total 226816K, used 134355K [0x00000000eab00000, 0x00000000ffa00000, 0x0000000100000000)
  eden space 116736K, 98% used [0x00000000eab00000,0x00000000f1b7c688,0x00000000f1d00000)
  from space 110080K, 17% used [0x00000000f8e80000,0x00000000fa138590,0x00000000ffa00000)
  to   space 113152K, 0% used [0x00000000f1d00000,0x00000000f1d00000,0x00000000f8b80000)
 ParOldGen       total 476672K, used 378272K [0x00000000c0000000, 0x00000000dd180000, 0x00000000eab00000)
  object space 476672K, 79% used [0x00000000c0000000,0x00000000d71680f0,0x00000000dd180000)
 Metaspace       used 6454K, capacity 7284K, committed 7552K, reserved 1056768K
  class space    used 610K, capacity 620K, committed 640K, reserved 1048576K
GC Heap History (10 events):
Event: 27.802 GC heap before
{Heap before GC invocations=18 (full 3):
 PSYoungGen      total 232960K, used 60188K [0x00000000eab00000, 0x0000000100000000, 0x0000000100000000)
  eden space 116736K, 0% used [0x00000000eab00000,0x00000000eab00000,0x00000000f1d00000)
  from space 116224K, 51% used [0x00000000f1d00000,0x00000000f57c7188,0x00000000f8e80000)
  to   space 116224K, 0% used [0x00000000f8e80000,0x00000000f8e80000,0x0000000100000000)
 ParOldGen       total 302592K, used 254219K [0x00000000c0000000, 0x00000000d2780000, 0x00000000eab00000)
  object space 302592K, 84% used [0x00000000c0000000,0x00000000cf842e58,0x00000000d2780000)
 Metaspace       used 6446K, capacity 7284K, committed 7552K, reserved 1056768K
  class space    used 609K, capacity 620K, committed 640K, reserved 1048576K
Event: 34.159 GC heap after
Heap after GC invocations=18 (full 3):
 PSYoungGen      total 232960K, used 10926K [0x00000000eab00000, 0x0000000100000000, 0x0000000100000000)
  eden space 116736K, 0% used [0x00000000eab00000,0x00000000eab00000,0x00000000f1d00000)
  from space 116224K, 9% used [0x00000000f1d00000,0x00000000f27aba58,0x00000000f8e80000)
  to   space 116224K, 0% used [0x00000000f8e80000,0x00000000f8e80000,0x0000000100000000)
 ParOldGen       total 476672K, used 302117K [0x00000000c0000000, 0x00000000dd180000, 0x00000000eab00000)
  object space 476672K, 63% used [0x00000000c0000000,0x00000000d2709448,0x00000000dd180000)
 Metaspace       used 6446K, capacity 7284K, committed 7552K, reserved 1056768K
  class space    used 609K, capacity 620K, committed 640K, reserved 1048576K
}
Event: 35.007 GC heap before
{Heap before GC invocations=19 (full 3):
 PSYoungGen      total 232960K, used 127662K [0x00000000eab00000, 0x0000000100000000, 0x0000000100000000)
  eden space 116736K, 100% used [0x00000000eab00000,0x00000000f1d00000,0x00000000f1d00000)
  from space 116224K, 9% used [0x00000000f1d00000,0x00000000f27aba58,0x00000000f8e80000)
  to   space 116224K, 0% used [0x00000000f8e80000,0x00000000f8e80000,0x0000000100000000)
 ParOldGen       total 476672K, used 302117K [0x00000000c0000000, 0x00000000dd180000, 0x00000000eab00000)
  object space 476672K, 63% used [0x00000000c0000000,0x00000000d2709448,0x00000000dd180000)
 Metaspace       used 6450K, capacity 7284K, committed 7552K, reserved 1056768K
  class space    used 610K, capacity 620K, committed 640K, reserved 1048576K
Event: 35.337 GC heap after
Heap after GC invocations=19 (full 3):
 PSYoungGen      total 232960K, used 21720K [0x00000000eab00000, 0x0000000100000000, 0x0000000100000000)
  eden space 116736K, 0% used [0x00000000eab00000,0x00000000eab00000,0x00000000f1d00000)
  from space 116224K, 18% used [0x00000000f8e80000,0x00000000fa3b62e0,0x0000000100000000)
  to   space 116224K, 0% used [0x00000000f1d00000,0x00000000f1d00000,0x00000000f8e80000)
 ParOldGen       total 476672K, used 307617K [0x00000000c0000000, 0x00000000dd180000, 0x00000000eab00000)
  object space 476672K, 64% used [0x00000000c0000000,0x00000000d2c684d0,0x00000000dd180000)
 Metaspace       used 6450K, capacity 7284K, committed 7552K, reserved 1056768K
  class space    used 610K, capacity 620K, committed 640K, reserved 1048576K
}
Event: 36.102 GC heap before
{Heap before GC invocations=20 (full 3):
 PSYoungGen      total 232960K, used 138456K [0x00000000eab00000, 0x0000000100000000, 0x0000000100000000)
  eden space 116736K, 100% used [0x00000000eab00000,0x00000000f1d00000,0x00000000f1d00000)
  from space 116224K, 18% used [0x00000000f8e80000,0x00000000fa3b62e0,0x0000000100000000)
  to   space 116224K, 0% used [0x00000000f1d00000,0x00000000f1d00000,0x00000000f8e80000)
 ParOldGen       total 476672K, used 307617K [0x00000000c0000000, 0x00000000dd180000, 0x00000000eab00000)
  object space 476672K, 64% used [0x00000000c0000000,0x00000000d2c684d0,0x00000000dd180000)
 Metaspace       used 6451K, capacity 7284K, committed 7552K, reserved 1056768K
  class space    used 610K, capacity 620K, committed 640K, reserved 1048576K
Event: 36.267 GC heap after
Heap after GC invocations=20 (full 3):
 PSYoungGen      total 232960K, used 17214K [0x00000000eab00000, 0x0000000100000000, 0x0000000100000000)
  eden space 116736K, 0% used [0x00000000eab00000,0x00000000eab00000,0x00000000f1d00000)
  from space 116224K, 14% used [0x00000000f1d00000,0x00000000f2dcf868,0x00000000f8e80000)
  to   space 116224K, 0% used [0x00000000f8e80000,0x00000000f8e80000,0x0000000100000000)
 ParOldGen       total 476672K, used 327872K [0x00000000c0000000, 0x00000000dd180000, 0x00000000eab00000)
  object space 476672K, 68% used [0x00000000c0000000,0x00000000d4030300,0x00000000dd180000)
 Metaspace       used 6451K, capacity 7284K, committed 7552K, reserved 1056768K
  class space    used 610K, capacity 620K, committed 640K, reserved 1048576K
}
Event: 36.937 GC heap before
{Heap before GC invocations=21 (full 3):
 PSYoungGen      total 232960K, used 133950K [0x00000000eab00000, 0x0000000100000000, 0x0000000100000000)
  eden space 116736K, 100% used [0x00000000eab00000,0x00000000f1d00000,0x00000000f1d00000)
  from space 116224K, 14% used [0x00000000f1d00000,0x00000000f2dcf868,0x00000000f8e80000)
  to   space 116224K, 0% used [0x00000000f8e80000,0x00000000f8e80000,0x0000000100000000)
 ParOldGen       total 476672K, used 327872K [0x00000000c0000000, 0x00000000dd180000, 0x00000000eab00000)
  object space 476672K, 68% used [0x00000000c0000000,0x00000000d4030300,0x00000000dd180000)
 Metaspace       used 6451K, capacity 7284K, committed 7552K, reserved 1056768K
  class space    used 610K, capacity 620K, committed 640K, reserved 1048576K
Event: 37.051 GC heap after
Heap after GC invocations=21 (full 3):
 PSYoungGen      total 232960K, used 17173K [0x00000000eab00000, 0x0000000100000000, 0x0000000100000000)
  eden space 116736K, 0% used [0x00000000eab00000,0x00000000eab00000,0x00000000f1d00000)
  from space 116224K, 14% used [0x00000000f8e80000,0x00000000f9f45770,0x0000000100000000)
  to   space 116224K, 0% used [0x00000000f1d00000,0x00000000f1d00000,0x00000000f8e80000)
 ParOldGen       total 476672K, used 343019K [0x00000000c0000000, 0x00000000dd180000, 0x00000000eab00000)
  object space 476672K, 71% used [0x00000000c0000000,0x00000000d4efaf28,0x00000000dd180000)
 Metaspace       used 6451K, capacity 7284K, committed 7552K, reserved 1056768K
  class space    used 610K, capacity 620K, committed 640K, reserved 1048576K
}
Event: 37.706 GC heap before
{Heap before GC invocations=22 (full 3):
 PSYoungGen      total 232960K, used 133909K [0x00000000eab00000, 0x0000000100000000, 0x0000000100000000)
  eden space 116736K, 100% used [0x00000000eab00000,0x00000000f1d00000,0x00000000f1d00000)
  from space 116224K, 14% used [0x00000000f8e80000,0x00000000f9f45770,0x0000000100000000)
  to   space 116224K, 0% used [0x00000000f1d00000,0x00000000f1d00000,0x00000000f8e80000)
 ParOldGen       total 476672K, used 343019K [0x00000000c0000000, 0x00000000dd180000, 0x00000000eab00000)
  object space 476672K, 71% used [0x00000000c0000000,0x00000000d4efaf28,0x00000000dd180000)
 Metaspace       used 6452K, capacity 7284K, committed 7552K, reserved 1056768K
  class space    used 610K, capacity 620K, committed 640K, reserved 1048576K
Event: 37.809 GC heap after
Heap after GC invocations=22 (full 3):
 PSYoungGen      total 232960K, used 19435K [0x00000000eab00000, 0x0000000100000000, 0x0000000100000000)
  eden space 116736K, 0% used [0x00000000eab00000,0x00000000eab00000,0x00000000f1d00000)
  from space 116224K, 16% used [0x00000000f1d00000,0x00000000f2fface0,0x00000000f8e80000)
  to   space 116224K, 0% used [0x00000000f8e80000,0x00000000f8e80000,0x0000000100000000)
 ParOldGen       total 476672K, used 359548K [0x00000000c0000000, 0x00000000dd180000, 0x00000000eab00000)
  object space 476672K, 75% used [0x00000000c0000000,0x00000000d5f1f040,0x00000000dd180000)
 Metaspace       used 6452K, capacity 7284K, committed 7552K, reserved 1056768K
  class space    used 610K, capacity 620K, committed 640K, reserved 1048576K
}

