# JRE version: Java(TM) SE Runtime Environment (8.0_40-b26) (build 1.8.0_40-b26)
# Java VM: Java HotSpot(TM) 64-Bit Server VM (25.40-b25 mixed mode windows-amd64 compressed oops)
Heap:
 PSYoungGen      total 232960K, used 71923K [0x00000000eab00000, 0x0000000100000000, 0x0000000100000000)
  eden space 116736K, 61% used [0x00000000eab00000,0x00000000ef13cfc8,0x00000000f1d00000)
  from space 116224K, 0% used [0x00000000f8e80000,0x00000000f8e80000,0x0000000100000000)
  to   space 116224K, 0% used [0x00000000f1d00000,0x00000000f1d00000,0x00000000f8e80000)
 ParOldGen       total 520192K, used 325904K [0x00000000c0000000, 0x00000000dfc00000, 0x00000000eab00000)
  object space 520192K, 62% used [0x00000000c0000000,0x00000000d3e441e0,0x00000000dfc00000)
 Metaspace       used 6957K, capacity 7736K, committed 7936K, reserved 1056768K
  class space    used 635K, capacity 688K, committed 768K, reserved 1048576K
GC Heap History (10 events):
Event: 22.991 GC heap before
{Heap before GC invocations=26 (full 3):
 PSYoungGen      total 230400K, used 176522K [0x00000000eab00000, 0x0000000100000000, 0x0000000100000000)
  eden space 122880K, 100% used [0x00000000eab00000,0x00000000f2300000,0x00000000f2300000)
  from space 107520K, 49% used [0x00000000f8a80000,0x00000000fbee2988,0x00000000ff380000)
  to   space 105984K, 0% used [0x00000000f2300000,0x00000000f2300000,0x00000000f8a80000)
 ParOldGen       total 466944K, used 382181K [0x00000000c0000000, 0x00000000dc800000, 0x00000000eab00000)
  object space 466944K, 81% used [0x00000000c0000000,0x00000000d7539758,0x00000000dc800000)
 Metaspace       used 6464K, capacity 7284K, committed 7552K, reserved 1056768K
  class space    used 610K, capacity 620K, committed 640K, reserved 1048576K
Event: 23.155 GC heap after
Heap after GC invocations=26 (full 3):
 PSYoungGen      total 228864K, used 72809K [0x00000000eab00000, 0x0000000100000000, 0x0000000100000000)
  eden space 122880K, 0% used [0x00000000eab00000,0x00000000eab00000,0x00000000f2300000)
  from space 105984K, 68% used [0x00000000f2300000,0x00000000f6a1a508,0x00000000f8a80000)
  to   space 111104K, 0% used [0x00000000f9380000,0x00000000f9380000,0x0000000100000000)
 ParOldGen       total 466944K, used 382181K [0x00000000c0000000, 0x00000000dc800000, 0x00000000eab00000)
  object space 466944K, 81% used [0x00000000c0000000,0x00000000d7539758,0x00000000dc800000)
 Metaspace       used 6464K, capacity 7284K, committed 7552K, reserved 1056768K
  class space    used 610K, capacity 620K, committed 640K, reserved 1048576K
}
Event: 23.588 GC heap before
{Heap before GC invocations=27 (full 3):
 PSYoungGen      total 228864K, used 195689K [0x00000000eab00000, 0x0000000100000000, 0x0000000100000000)
  eden space 122880K, 100% used [0x00000000eab00000,0x00000000f2300000,0x00000000f2300000)
  from space 105984K, 68% used [0x00000000f2300000,0x00000000f6a1a508,0x00000000f8a80000)
  to   space 111104K, 0% used [0x00000000f9380000,0x00000000f9380000,0x0000000100000000)
 ParOldGen       total 466944K, used 382181K [0x00000000c0000000, 0x00000000dc800000, 0x00000000eab00000)
  object space 466944K, 81% used [0x00000000c0000000,0x00000000d7539758,0x00000000dc800000)
 Metaspace       used 6464K, capacity 7284K, committed 7552K, reserved 1056768K
  class space    used 610K, capacity 620K, committed 640K, reserved 1048576K
Event: 23.812 GC heap after
Heap after GC invocations=27 (full 3):
 PSYoungGen      total 227840K, used 92481K [0x00000000eab00000, 0x0000000100000000, 0x0000000100000000)
  eden space 116736K, 0% used [0x00000000eab00000,0x00000000eab00000,0x00000000f1d00000)
  from space 111104K, 83% used [0x00000000f9380000,0x00000000fedd0508,0x0000000100000000)
  to   space 116224K, 0% used [0x00000000f1d00000,0x00000000f1d00000,0x00000000f8e80000)
 ParOldGen       total 466944K, used 382181K [0x00000000c0000000, 0x00000000dc800000, 0x00000000eab00000)
  object space 466944K, 81% used [0x00000000c0000000,0x00000000d7539758,0x00000000dc800000)
 Metaspace       used 6464K, capacity 7284K, committed 7552K, reserved 1056768K
  class space    used 610K, capacity 620K, committed 640K, reserved 1048576K
}
Event: 23.979 GC heap before
{Heap before GC invocations=28 (full 3):
 PSYoungGen      total 227840K, used 209217K [0x00000000eab00000, 0x0000000100000000, 0x0000000100000000)
  eden space 116736K, 100% used [0x00000000eab00000,0x00000000f1d00000,0x00000000f1d00000)
  from space 111104K, 83% used [0x00000000f9380000,0x00000000fedd0508,0x0000000100000000)
  to   space 116224K, 0% used [0x00000000f1d00000,0x00000000f1d00000,0x00000000f8e80000)
 ParOldGen       total 466944K, used 382181K [0x00000000c0000000, 0x00000000dc800000, 0x00000000eab00000)
  object space 466944K, 81% used [0x00000000c0000000,0x00000000d7539758,0x00000000dc800000)
 Metaspace       used 6464K, capacity 7284K, committed 7552K, reserved 1056768K
  class space    used 610K, capacity 620K, committed 640K, reserved 1048576K
Event: 24.138 GC heap after
Heap after GC invocations=28 (full 3):
 PSYoungGen      total 232960K, used 75106K [0x00000000eab00000, 0x0000000100000000, 0x0000000100000000)
  eden space 116736K, 0% used [0x00000000eab00000,0x00000000eab00000,0x00000000f1d00000)
  from space 116224K, 64% used [0x00000000f1d00000,0x00000000f6658818,0x00000000f8e80000)
  to   space 116224K, 0% used [0x00000000f8e80000,0x00000000f8e80000,0x0000000100000000)
 ParOldGen       total 466944K, used 417691K [0x00000000c0000000, 0x00000000dc800000, 0x00000000eab00000)
  object space 466944K, 89% used [0x00000000c0000000,0x00000000d97e6e10,0x00000000dc800000)
 Metaspace       used 6464K, capacity 7284K, committed 7552K, reserved 1056768K
  class space    used 610K, capacity 620K, committed 640K, reserved 1048576K
}
Event: 27.854 GC heap before
{Heap before GC invocations=29 (full 3):
 PSYoungGen      total 232960K, used 191842K [0x00000000eab00000, 0x0000000100000000, 0x0000000100000000)
  eden space 116736K, 100% used [0x00000000eab00000,0x00000000f1d00000,0x00000000f1d00000)
  from space 116224K, 64% used [0x00000000f1d00000,0x00000000f6658818,0x00000000f8e80000)
  to   space 116224K, 0% used [0x00000000f8e80000,0x00000000f8e80000,0x0000000100000000)
 ParOldGen       total 466944K, used 417691K [0x00000000c0000000, 0x00000000dc800000, 0x00000000eab00000)
  object space 466944K, 89% used [0x00000000c0000000,0x00000000d97e6e10,0x00000000dc800000)
 Metaspace       used 6836K, capacity 7608K, committed 7936K, reserved 1056768K
  class space    used 631K, capacity 688K, committed 768K, reserved 1048576K
Event: 28.021 GC heap after
Heap after GC invocations=29 (full 3):
 PSYoungGen      total 232960K, used 60539K [0x00000000eab00000, 0x0000000100000000, 0x0000000100000000)
  eden space 116736K, 0% used [0x00000000eab00000,0x00000000eab00000,0x00000000f1d00000)
  from space 116224K, 52% used [0x00000000f8e80000,0x00000000fc99ece8,0x0000000100000000)
  to   space 116224K, 0% used [0x00000000f1d00000,0x00000000f1d00000,0x00000000f8e80000)
 ParOldGen       total 466944K, used 436496K [0x00000000c0000000, 0x00000000dc800000, 0x00000000eab00000)
  object space 466944K, 93% used [0x00000000c0000000,0x00000000daa443d0,0x00000000dc800000)
 Metaspace       used 6836K, capacity 7608K, committed 7936K, reserved 1056768K
  class space    used 631K, capacity 688K, committed 768K, reserved 1048576K
}
Event: 28.022 GC heap before
{Heap before GC invocations=30 (full 4):
 PSYoungGen      total 232960K, used 60539K [0x00000000eab00000, 0x0000000100000000, 0x0000000100000000)
  eden space 116736K, 0% used [0x00000000eab00000,0x00000000eab00000,0x00000000f1d00000)
  from space 116224K, 52% used [0x00000000f8e80000,0x00000000fc99ece8,0x0000000100000000)
  to   space 116224K, 0% used [0x00000000f1d00000,0x00000000f1d00000,0x00000000f8e80000)
 ParOldGen       total 466944K, used 436496K [0x00000000c0000000, 0x00000000dc800000, 0x00000000eab00000)
  object space 466944K, 93% used [0x00000000c0000000,0x00000000daa443d0,0x00000000dc800000)
 Metaspace       used 6836K, capacity 7608K, committed 7936K, reserved 1056768K
  class space    used 631K, capacity 688K, committed 768K, reserved 1048576K
Event: 31.302 GC heap after
Heap after GC invocations=30 (full 4):
 PSYoungGen      total 232960K, used 0K [0x00000000eab00000, 0x0000000100000000, 0x0000000100000000)
  eden space 116736K, 0% used [0x00000000eab00000,0x00000000eab00000,0x00000000f1d00000)
  from space 116224K, 0% used [0x00000000f8e80000,0x00000000f8e80000,0x0000000100000000)
  to   space 116224K, 0% used [0x00000000f1d00000,0x00000000f1d00000,0x00000000f8e80000)
 ParOldGen       total 520192K, used 325904K [0x00000000c0000000, 0x00000000dfc00000, 0x00000000eab00000)
  object space 520192K, 62% used [0x00000000c0000000,0x00000000d3e441e0,0x00000000dfc00000)
 Metaspace       used 6836K, capacity 7608K, committed 7936K, reserved 1056768K
  class space    used 631K, capacity 688K, committed 768K, reserved 1048576K
}

