# JRE version: Java(TM) SE Runtime Environment (8.0_40-b26) (build 1.8.0_40-b26)
# Java VM: Java HotSpot(TM) 64-Bit Server VM (25.40-b25 mixed mode windows-amd64 compressed oops)
Heap:
 PSYoungGen      total 38400K, used 3996K [0x000000076ab00000, 0x000000076d580000, 0x00000007c0000000)
  eden space 33280K, 12% used [0x000000076ab00000,0x000000076aee70e8,0x000000076cb80000)
  from space 5120K, 0% used [0x000000076cb80000,0x000000076cb80000,0x000000076d080000)
  to   space 5120K, 0% used [0x000000076d080000,0x000000076d080000,0x000000076d580000)
 ParOldGen       total 54272K, used 2428K [0x00000006c0000000, 0x00000006c3500000, 0x000000076ab00000)
  object space 54272K, 4% used [0x00000006c0000000,0x00000006c025f1a0,0x00000006c3500000)
 Metaspace       used 5299K, capacity 6448K, committed 6528K, reserved 1058816K
  class space    used 571K, capacity 616K, committed 640K, reserved 1048576K
GC Heap History (4 events):
Event: 9.907 GC heap before
{Heap before GC invocations=1 (full 0):
 PSYoungGen      total 38400K, used 9320K [0x000000076ab00000, 0x000000076d580000, 0x00000007c0000000)
  eden space 33280K, 28% used [0x000000076ab00000,0x000000076b41a068,0x000000076cb80000)
  from space 5120K, 0% used [0x000000076d080000,0x000000076d080000,0x000000076d580000)
  to   space 5120K, 0% used [0x000000076cb80000,0x000000076cb80000,0x000000076d080000)
 ParOldGen       total 87552K, used 0K [0x00000006c0000000, 0x00000006c5580000, 0x000000076ab00000)
  object space 87552K, 0% used [0x00000006c0000000,0x00000006c0000000,0x00000006c5580000)
 Metaspace       used 5038K, capacity 6160K, committed 6272K, reserved 1060864K
  class space    used 552K, capacity 584K, committed 640K, reserved 1048576K
Event: 10.072 GC heap after
Heap after GC invocations=1 (full 0):
 PSYoungGen      total 38400K, used 2631K [0x000000076ab00000, 0x000000076d580000, 0x00000007c0000000)
  eden space 33280K, 0% used [0x000000076ab00000,0x000000076ab00000,0x000000076cb80000)
  from space 5120K, 51% used [0x000000076cb80000,0x000000076ce11fa0,0x000000076d080000)
  to   space 5120K, 0% used [0x000000076d080000,0x000000076d080000,0x000000076d580000)
 ParOldGen       total 87552K, used 8K [0x00000006c0000000, 0x00000006c5580000, 0x000000076ab00000)
  object space 87552K, 0% used [0x00000006c0000000,0x00000006c0002000,0x00000006c5580000)
 Metaspace       used 5038K, capacity 6160K, committed 6272K, reserved 1060864K
  class space    used 552K, capacity 584K, committed 640K, reserved 1048576K
}
Event: 10.072 GC heap before
{Heap before GC invocations=2 (full 1):
 PSYoungGen      total 38400K, used 2631K [0x000000076ab00000, 0x000000076d580000, 0x00000007c0000000)
  eden space 33280K, 0% used [0x000000076ab00000,0x000000076ab00000,0x000000076cb80000)
  from space 5120K, 51% used [0x000000076cb80000,0x000000076ce11fa0,0x000000076d080000)
  to   space 5120K, 0% used [0x000000076d080000,0x000000076d080000,0x000000076d580000)
 ParOldGen       total 87552K, used 8K [0x00000006c0000000, 0x00000006c5580000, 0x000000076ab00000)
  object space 87552K, 0% used [0x00000006c0000000,0x00000006c0002000,0x00000006c5580000)
 Metaspace       used 5038K, capacity 6160K, committed 6272K, reserved 1060864K
  class space    used 552K, capacity 584K, committed 640K, reserved 1048576K
Event: 10.275 GC heap after
Heap after GC invocations=2 (full 1):
 PSYoungGen      total 38400K, used 0K [0x000000076ab00000, 0x000000076d580000, 0x00000007c0000000)
  eden space 33280K, 0% used [0x000000076ab00000,0x000000076ab00000,0x000000076cb80000)
  from space 5120K, 0% used [0x000000076cb80000,0x000000076cb80000,0x000000076d080000)
  to   space 5120K, 0% used [0x000000076d080000,0x000000076d080000,0x000000076d580000)
 ParOldGen       total 54272K, used 2428K [0x00000006c0000000, 0x00000006c3500000, 0x000000076ab00000)
  object space 54272K, 4% used [0x00000006c0000000,0x00000006c025f1a0,0x00000006c3500000)
 Metaspace       used 5038K, capacity 6160K, committed 6272K, reserved 1058816K
  class space    used 552K, capacity 584K, committed 640K, reserved 1048576K
}

