# JRE version: Java(TM) SE Runtime Environment (8.0_40-b26) (build 1.8.0_40-b26)
# Java VM: Java HotSpot(TM) 64-Bit Server VM (25.40-b25 mixed mode windows-amd64 compressed oops)
Heap:
 PSYoungGen      total 282112K, used 34587K [0x000000076ab00000, 0x000000077f400000, 0x00000007c0000000)
  eden space 253440K, 2% used [0x000000076ab00000,0x000000076b0cc3c0,0x000000077a280000)
  from space 28672K, 99% used [0x000000077c700000,0x000000077e2fabe0,0x000000077e300000)
  to   space 37376K, 0% used [0x000000077a280000,0x000000077a280000,0x000000077c700000)
 ParOldGen       total 87552K, used 53241K [0x00000006c0000000, 0x00000006c5580000, 0x000000076ab00000)
  object space 87552K, 60% used [0x00000006c0000000,0x00000006c33fe580,0x00000006c5580000)
 Metaspace       used 6458K, capacity 7320K, committed 7680K, reserved 1056768K
  class space    used 614K, capacity 656K, committed 768K, reserved 1048576K
GC Heap History (10 events):
Event: 7.590 GC heap before
{Heap before GC invocations=4 (full 0):
 PSYoungGen      total 38400K, used 38374K [0x000000076ab00000, 0x000000076f600000, 0x00000007c0000000)
  eden space 33280K, 100% used [0x000000076ab00000,0x000000076cb80000,0x000000076cb80000)
  from space 5120K, 99% used [0x000000076cb80000,0x000000076d079bd0,0x000000076d080000)
  to   space 5120K, 0% used [0x000000076f100000,0x000000076f100000,0x000000076f600000)
 ParOldGen       total 87552K, used 11698K [0x00000006c0000000, 0x00000006c5580000, 0x000000076ab00000)
  object space 87552K, 13% used [0x00000006c0000000,0x00000006c0b6cbd0,0x00000006c5580000)
 Metaspace       used 6226K, capacity 7156K, committed 7296K, reserved 1056768K
  class space    used 606K, capacity 620K, committed 640K, reserved 1048576K
Event: 7.966 GC heap after
Heap after GC invocations=4 (full 0):
 PSYoungGen      total 71680K, used 5100K [0x000000076ab00000, 0x000000076f600000, 0x00000007c0000000)
  eden space 66560K, 0% used [0x000000076ab00000,0x000000076ab00000,0x000000076ec00000)
  from space 5120K, 99% used [0x000000076f100000,0x000000076f5fb038,0x000000076f600000)
  to   space 5120K, 0% used [0x000000076ec00000,0x000000076ec00000,0x000000076f100000)
 ParOldGen       total 87552K, used 17640K [0x00000006c0000000, 0x00000006c5580000, 0x000000076ab00000)
  object space 87552K, 20% used [0x00000006c0000000,0x00000006c113a028,0x00000006c5580000)
 Metaspace       used 6226K, capacity 7156K, committed 7296K, reserved 1056768K
  class space    used 606K, capacity 620K, committed 640K, reserved 1048576K
}
Event: 10.007 GC heap before
{Heap before GC invocations=5 (full 0):
 PSYoungGen      total 71680K, used 71660K [0x000000076ab00000, 0x000000076f600000, 0x00000007c0000000)
  eden space 66560K, 100% used [0x000000076ab00000,0x000000076ec00000,0x000000076ec00000)
  from space 5120K, 99% used [0x000000076f100000,0x000000076f5fb038,0x000000076f600000)
  to   space 5120K, 0% used [0x000000076ec00000,0x000000076ec00000,0x000000076f100000)
 ParOldGen       total 87552K, used 17640K [0x00000006c0000000, 0x00000006c5580000, 0x000000076ab00000)
  object space 87552K, 20% used [0x00000006c0000000,0x00000006c113a028,0x00000006c5580000)
 Metaspace       used 6305K, capacity 7220K, committed 7296K, reserved 1056768K
  class space    used 606K, capacity 620K, committed 640K, reserved 1048576K
Event: 10.453 GC heap after
Heap after GC invocations=5 (full 0):
 PSYoungGen      total 71680K, used 5090K [0x000000076ab00000, 0x0000000774d00000, 0x00000007c0000000)
  eden space 66560K, 0% used [0x000000076ab00000,0x000000076ab00000,0x000000076ec00000)
  from space 5120K, 99% used [0x000000076ec00000,0x000000076f0f8890,0x000000076f100000)
  to   space 16384K, 0% used [0x0000000773d00000,0x0000000773d00000,0x0000000774d00000)
 ParOldGen       total 87552K, used 28170K [0x00000006c0000000, 0x00000006c5580000, 0x000000076ab00000)
  object space 87552K, 32% used [0x00000006c0000000,0x00000006c1b82b48,0x00000006c5580000)
 Metaspace       used 6305K, capacity 7220K, committed 7296K, reserved 1056768K
  class space    used 606K, capacity 620K, committed 640K, reserved 1048576K
}
Event: 11.522 GC heap before
{Heap before GC invocations=6 (full 0):
 PSYoungGen      total 71680K, used 71650K [0x000000076ab00000, 0x0000000774d00000, 0x00000007c0000000)
  eden space 66560K, 100% used [0x000000076ab00000,0x000000076ec00000,0x000000076ec00000)
  from space 5120K, 99% used [0x000000076ec00000,0x000000076f0f8890,0x000000076f100000)
  to   space 16384K, 0% used [0x0000000773d00000,0x0000000773d00000,0x0000000774d00000)
 ParOldGen       total 87552K, used 28170K [0x00000006c0000000, 0x00000006c5580000, 0x000000076ab00000)
  object space 87552K, 32% used [0x00000006c0000000,0x00000006c1b82b48,0x00000006c5580000)
 Metaspace       used 6316K, capacity 7220K, committed 7296K, reserved 1056768K
  class space    used 606K, capacity 620K, committed 640K, reserved 1048576K
Event: 11.654 GC heap after
Heap after GC invocations=6 (full 0):
 PSYoungGen      total 147456K, used 15541K [0x000000076ab00000, 0x0000000775100000, 0x00000007c0000000)
  eden space 131072K, 0% used [0x000000076ab00000,0x000000076ab00000,0x0000000772b00000)
  from space 16384K, 94% used [0x0000000773d00000,0x0000000774c2d668,0x0000000774d00000)
  to   space 18432K, 0% used [0x0000000772b00000,0x0000000772b00000,0x0000000773d00000)
 ParOldGen       total 87552K, used 28170K [0x00000006c0000000, 0x00000006c5580000, 0x000000076ab00000)
  object space 87552K, 32% used [0x00000006c0000000,0x00000006c1b82b48,0x00000006c5580000)
 Metaspace       used 6316K, capacity 7220K, committed 7296K, reserved 1056768K
  class space    used 606K, capacity 620K, committed 640K, reserved 1048576K
}
Event: 13.548 GC heap before
{Heap before GC invocations=7 (full 0):
 PSYoungGen      total 147456K, used 146613K [0x000000076ab00000, 0x0000000775100000, 0x00000007c0000000)
  eden space 131072K, 100% used [0x000000076ab00000,0x0000000772b00000,0x0000000772b00000)
  from space 16384K, 94% used [0x0000000773d00000,0x0000000774c2d668,0x0000000774d00000)
  to   space 18432K, 0% used [0x0000000772b00000,0x0000000772b00000,0x0000000773d00000)
 ParOldGen       total 87552K, used 28170K [0x00000006c0000000, 0x00000006c5580000, 0x000000076ab00000)
  object space 87552K, 32% used [0x00000006c0000000,0x00000006c1b82b48,0x00000006c5580000)
 Metaspace       used 6344K, capacity 7220K, committed 7296K, reserved 1056768K
  class space    used 606K, capacity 620K, committed 640K, reserved 1048576K
Event: 13.688 GC heap after
Heap after GC invocations=7 (full 0):
 PSYoungGen      total 149504K, used 18408K [0x000000076ab00000, 0x000000077e300000, 0x00000007c0000000)
  eden space 131072K, 0% used [0x000000076ab00000,0x000000076ab00000,0x0000000772b00000)
  from space 18432K, 99% used [0x0000000772b00000,0x0000000773cfa188,0x0000000773d00000)
  to   space 28672K, 0% used [0x000000077c700000,0x000000077c700000,0x000000077e300000)
 ParOldGen       total 87552K, used 44074K [0x00000006c0000000, 0x00000006c5580000, 0x000000076ab00000)
  object space 87552K, 50% used [0x00000006c0000000,0x00000006c2b0a9e0,0x00000006c5580000)
 Metaspace       used 6344K, capacity 7220K, committed 7296K, reserved 1056768K
  class space    used 606K, capacity 620K, committed 640K, reserved 1048576K
}
Event: 14.971 GC heap before
{Heap before GC invocations=8 (full 0):
 PSYoungGen      total 149504K, used 149480K [0x000000076ab00000, 0x000000077e300000, 0x00000007c0000000)
  eden space 131072K, 100% used [0x000000076ab00000,0x0000000772b00000,0x0000000772b00000)
  from space 18432K, 99% used [0x0000000772b00000,0x0000000773cfa188,0x0000000773d00000)
  to   space 28672K, 0% used [0x000000077c700000,0x000000077c700000,0x000000077e300000)
 ParOldGen       total 87552K, used 44074K [0x00000006c0000000, 0x00000006c5580000, 0x000000076ab00000)
  object space 87552K, 50% used [0x00000006c0000000,0x00000006c2b0a9e0,0x00000006c5580000)
 Metaspace       used 6362K, capacity 7222K, committed 7296K, reserved 1056768K
  class space    used 608K, capacity 622K, committed 640K, reserved 1048576K
Event: 15.196 GC heap after
Heap after GC invocations=8 (full 0):
 PSYoungGen      total 282112K, used 28650K [0x000000076ab00000, 0x000000077f400000, 0x00000007c0000000)
  eden space 253440K, 0% used [0x000000076ab00000,0x000000076ab00000,0x000000077a280000)
  from space 28672K, 99% used [0x000000077c700000,0x000000077e2fabe0,0x000000077e300000)
  to   space 37376K, 0% used [0x000000077a280000,0x000000077a280000,0x000000077c700000)
 ParOldGen       total 87552K, used 53241K [0x00000006c0000000, 0x00000006c5580000, 0x000000076ab00000)
  object space 87552K, 60% used [0x00000006c0000000,0x00000006c33fe580,0x00000006c5580000)
 Metaspace       used 6362K, capacity 7222K, committed 7296K, reserved 1056768K
  class space    used 608K, capacity 622K, committed 640K, reserved 1048576K
}

