# JRE version: Java(TM) SE Runtime Environment (8.0_40-b26) (build 1.8.0_40-b26)
# Java VM: Java HotSpot(TM) 64-Bit Server VM (25.40-b25 mixed mode windows-amd64 compressed oops)
Heap:
 PSYoungGen      total 162304K, used 39663K [0x00000000eab00000, 0x00000000ffe00000, 0x0000000100000000)
  eden space 129536K, 30% used [0x00000000eab00000,0x00000000ed1bbf90,0x00000000f2980000)
  from space 32768K, 0% used [0x00000000f2980000,0x00000000f2980000,0x00000000f4980000)
  to   space 44032K, 0% used [0x00000000fd300000,0x00000000fd300000,0x00000000ffe00000)
 ParOldGen       total 115712K, used 52065K [0x00000000c0000000, 0x00000000c7100000, 0x00000000eab00000)
  object space 115712K, 44% used [0x00000000c0000000,0x00000000c32d84f8,0x00000000c7100000)
 Metaspace       used 6189K, capacity 7152K, committed 7296K, reserved 1056768K
  class space    used 597K, capacity 616K, committed 640K, reserved 1048576K
GC Heap History (10 events):
Event: 6.425 GC heap before
{Heap before GC invocations=4 (full 0):
 PSYoungGen      total 38400K, used 38391K [0x00000000eab00000, 0x00000000ef600000, 0x0000000100000000)
  eden space 33280K, 100% used [0x00000000eab00000,0x00000000ecb80000,0x00000000ecb80000)
  from space 5120K, 99% used [0x00000000ecb80000,0x00000000ed07dc90,0x00000000ed080000)
  to   space 5120K, 0% used [0x00000000ef100000,0x00000000ef100000,0x00000000ef600000)
 ParOldGen       total 87552K, used 26125K [0x00000000c0000000, 0x00000000c5580000, 0x00000000eab00000)
  object space 87552K, 29% used [0x00000000c0000000,0x00000000c1983448,0x00000000c5580000)
 Metaspace       used 5885K, capacity 6960K, committed 7040K, reserved 1056768K
  class space    used 583K, capacity 616K, committed 640K, reserved 1048576K
Event: 6.483 GC heap after
Heap after GC invocations=4 (full 0):
 PSYoungGen      total 71680K, used 5093K [0x00000000eab00000, 0x00000000ef600000, 0x0000000100000000)
  eden space 66560K, 0% used [0x00000000eab00000,0x00000000eab00000,0x00000000eec00000)
  from space 5120K, 99% used [0x00000000ef100000,0x00000000ef5f9750,0x00000000ef600000)
  to   space 5120K, 0% used [0x00000000eec00000,0x00000000eec00000,0x00000000ef100000)
 ParOldGen       total 87552K, used 39176K [0x00000000c0000000, 0x00000000c5580000, 0x00000000eab00000)
  object space 87552K, 44% used [0x00000000c0000000,0x00000000c26423b8,0x00000000c5580000)
 Metaspace       used 5885K, capacity 6960K, committed 7040K, reserved 1056768K
  class space    used 583K, capacity 616K, committed 640K, reserved 1048576K
}
Event: 7.590 GC heap before
{Heap before GC invocations=5 (full 0):
 PSYoungGen      total 71680K, used 71653K [0x00000000eab00000, 0x00000000ef600000, 0x0000000100000000)
  eden space 66560K, 100% used [0x00000000eab00000,0x00000000eec00000,0x00000000eec00000)
  from space 5120K, 99% used [0x00000000ef100000,0x00000000ef5f9750,0x00000000ef600000)
  to   space 5120K, 0% used [0x00000000eec00000,0x00000000eec00000,0x00000000ef100000)
 ParOldGen       total 87552K, used 39176K [0x00000000c0000000, 0x00000000c5580000, 0x00000000eab00000)
  object space 87552K, 44% used [0x00000000c0000000,0x00000000c26423b8,0x00000000c5580000)
 Metaspace       used 5895K, capacity 6960K, committed 7040K, reserved 1056768K
  class space    used 584K, capacity 616K, committed 640K, reserved 1048576K
Event: 7.805 GC heap after
Heap after GC invocations=5 (full 0):
 PSYoungGen      total 71680K, used 5117K [0x00000000eab00000, 0x00000000f6600000, 0x0000000100000000)
  eden space 66560K, 0% used [0x00000000eab00000,0x00000000eab00000,0x00000000eec00000)
  from space 5120K, 99% used [0x00000000eec00000,0x00000000ef0ff4c8,0x00000000ef100000)
  to   space 29184K, 0% used [0x00000000f4980000,0x00000000f4980000,0x00000000f6600000)
 ParOldGen       total 87552K, used 62019K [0x00000000c0000000, 0x00000000c5580000, 0x00000000eab00000)
  object space 87552K, 70% used [0x00000000c0000000,0x00000000c3c90f30,0x00000000c5580000)
 Metaspace       used 5895K, capacity 6960K, committed 7040K, reserved 1056768K
  class space    used 584K, capacity 616K, committed 640K, reserved 1048576K
}
Event: 10.498 GC heap before
{Heap before GC invocations=6 (full 0):
 PSYoungGen      total 71680K, used 71677K [0x00000000eab00000, 0x00000000f6600000, 0x0000000100000000)
  eden space 66560K, 100% used [0x00000000eab00000,0x00000000eec00000,0x00000000eec00000)
  from space 5120K, 99% used [0x00000000eec00000,0x00000000ef0ff4c8,0x00000000ef100000)
  to   space 29184K, 0% used [0x00000000f4980000,0x00000000f4980000,0x00000000f6600000)
 ParOldGen       total 87552K, used 62019K [0x00000000c0000000, 0x00000000c5580000, 0x00000000eab00000)
  object space 87552K, 70% used [0x00000000c0000000,0x00000000c3c90f30,0x00000000c5580000)
 Metaspace       used 5939K, capacity 7024K, committed 7296K, reserved 1056768K
  class space    used 584K, capacity 616K, committed 640K, reserved 1048576K
Event: 11.305 GC heap after
Heap after GC invocations=6 (full 0):
 PSYoungGen      total 158720K, used 26904K [0x00000000eab00000, 0x00000000f6d00000, 0x0000000100000000)
  eden space 129536K, 0% used [0x00000000eab00000,0x00000000eab00000,0x00000000f2980000)
  from space 29184K, 92% used [0x00000000f4980000,0x00000000f63c6100,0x00000000f6600000)
  to   space 32768K, 0% used [0x00000000f2980000,0x00000000f2980000,0x00000000f4980000)
 ParOldGen       total 87552K, used 62027K [0x00000000c0000000, 0x00000000c5580000, 0x00000000eab00000)
  object space 87552K, 70% used [0x00000000c0000000,0x00000000c3c92f30,0x00000000c5580000)
 Metaspace       used 5939K, capacity 7024K, committed 7296K, reserved 1056768K
  class space    used 584K, capacity 616K, committed 640K, reserved 1048576K
}
Event: 20.027 GC heap before
{Heap before GC invocations=7 (full 0):
 PSYoungGen      total 158720K, used 156440K [0x00000000eab00000, 0x00000000f6d00000, 0x0000000100000000)
  eden space 129536K, 100% used [0x00000000eab00000,0x00000000f2980000,0x00000000f2980000)
  from space 29184K, 92% used [0x00000000f4980000,0x00000000f63c6100,0x00000000f6600000)
  to   space 32768K, 0% used [0x00000000f2980000,0x00000000f2980000,0x00000000f4980000)
 ParOldGen       total 87552K, used 62027K [0x00000000c0000000, 0x00000000c5580000, 0x00000000eab00000)
  object space 87552K, 70% used [0x00000000c0000000,0x00000000c3c92f30,0x00000000c5580000)
 Metaspace       used 6035K, capacity 7088K, committed 7296K, reserved 1056768K
  class space    used 584K, capacity 616K, committed 640K, reserved 1048576K
Event: 20.162 GC heap after
Heap after GC invocations=7 (full 0):
 PSYoungGen      total 162304K, used 32750K [0x00000000eab00000, 0x00000000ffe00000, 0x0000000100000000)
  eden space 129536K, 0% used [0x00000000eab00000,0x00000000eab00000,0x00000000f2980000)
  from space 32768K, 99% used [0x00000000f2980000,0x00000000f497b9d0,0x00000000f4980000)
  to   space 44032K, 0% used [0x00000000fd300000,0x00000000fd300000,0x00000000ffe00000)
 ParOldGen       total 87552K, used 74917K [0x00000000c0000000, 0x00000000c5580000, 0x00000000eab00000)
  object space 87552K, 85% used [0x00000000c0000000,0x00000000c4929618,0x00000000c5580000)
 Metaspace       used 6035K, capacity 7088K, committed 7296K, reserved 1056768K
  class space    used 584K, capacity 616K, committed 640K, reserved 1048576K
}
Event: 20.162 GC heap before
{Heap before GC invocations=8 (full 1):
 PSYoungGen      total 162304K, used 32750K [0x00000000eab00000, 0x00000000ffe00000, 0x0000000100000000)
  eden space 129536K, 0% used [0x00000000eab00000,0x00000000eab00000,0x00000000f2980000)
  from space 32768K, 99% used [0x00000000f2980000,0x00000000f497b9d0,0x00000000f4980000)
  to   space 44032K, 0% used [0x00000000fd300000,0x00000000fd300000,0x00000000ffe00000)
 ParOldGen       total 87552K, used 74917K [0x00000000c0000000, 0x00000000c5580000, 0x00000000eab00000)
  object space 87552K, 85% used [0x00000000c0000000,0x00000000c4929618,0x00000000c5580000)
 Metaspace       used 6035K, capacity 7088K, committed 7296K, reserved 1056768K
  class space    used 584K, capacity 616K, committed 640K, reserved 1048576K
Event: 20.601 GC heap after
Heap after GC invocations=8 (full 1):
 PSYoungGen      total 162304K, used 0K [0x00000000eab00000, 0x00000000ffe00000, 0x0000000100000000)
  eden space 129536K, 0% used [0x00000000eab00000,0x00000000eab00000,0x00000000f2980000)
  from space 32768K, 0% used [0x00000000f2980000,0x00000000f2980000,0x00000000f4980000)
  to   space 44032K, 0% used [0x00000000fd300000,0x00000000fd300000,0x00000000ffe00000)
 ParOldGen       total 115712K, used 52065K [0x00000000c0000000, 0x00000000c7100000, 0x00000000eab00000)
  object space 115712K, 44% used [0x00000000c0000000,0x00000000c32d84f8,0x00000000c7100000)
 Metaspace       used 6035K, capacity 7088K, committed 7296K, reserved 1056768K
  class space    used 584K, capacity 616K, committed 640K, reserved 1048576K
}

